Analysis & Synthesis report for lab2
Wed Apr 02 21:33:54 2025
Quartus II 64-Bit Version 13.0.1 Build 232 06/12/2013 Service Pack 1 SJ Web Edition


---------------------
; Table of Contents ;
---------------------
  1. Legal Notice
  2. Analysis & Synthesis Summary
  3. Analysis & Synthesis Settings
  4. Parallel Compilation
  5. Analysis & Synthesis Source Files Read
  6. Analysis & Synthesis Resource Usage Summary
  7. Analysis & Synthesis Resource Utilization by Entity
  8. Registers Removed During Synthesis
  9. General Register Statistics
 10. Multiplexer Restructuring Statistics (Restructuring Performed)
 11. Port Connectivity Checks: "DATAPATH:inst|fullAdder8_bit_plus4:inst4|fullAdder:bit7"
 12. Port Connectivity Checks: "DATAPATH:inst|fullAdder8_bit_plus4:inst4|fullAdder:bit6"
 13. Port Connectivity Checks: "DATAPATH:inst|fullAdder8_bit_plus4:inst4|fullAdder:bit5"
 14. Port Connectivity Checks: "DATAPATH:inst|fullAdder8_bit_plus4:inst4|fullAdder:bit4"
 15. Port Connectivity Checks: "DATAPATH:inst|fullAdder8_bit_plus4:inst4|fullAdder:bit3"
 16. Port Connectivity Checks: "DATAPATH:inst|fullAdder8_bit_plus4:inst4|fullAdder:bit2"
 17. Port Connectivity Checks: "DATAPATH:inst|fullAdder8_bit_plus4:inst4|fullAdder:bit1"
 18. Port Connectivity Checks: "DATAPATH:inst|fullAdder8_bit_plus4:inst4|fullAdder:bit0"
 19. Elapsed Time Per Partition
 20. Analysis & Synthesis Messages



----------------
; Legal Notice ;
----------------
Copyright (C) 1991-2013 Altera Corporation
Your use of Altera Corporation's design tools, logic functions 
and other software and tools, and its AMPP partner logic 
functions, and any output files from any of the foregoing 
(including device programming or simulation files), and any 
associated documentation or information are expressly subject 
to the terms and conditions of the Altera Program License 
Subscription Agreement, Altera MegaCore Function License 
Agreement, or other applicable license agreement, including, 
without limitation, that your use is for the sole purpose of 
programming logic devices manufactured by Altera and sold by 
Altera or its authorized distributors.  Please refer to the 
applicable agreement for further details.



+--------------------------------------------------------------------------------------+
; Analysis & Synthesis Summary                                                         ;
+------------------------------------+-------------------------------------------------+
; Analysis & Synthesis Status        ; Successful - Wed Apr 02 21:33:54 2025           ;
; Quartus II 64-Bit Version          ; 13.0.1 Build 232 06/12/2013 SP 1 SJ Web Edition ;
; Revision Name                      ; lab2                                            ;
; Top-level Entity Name              ; SignleCycleProcessor                            ;
; Family                             ; Cyclone IV E                                    ;
; Total logic elements               ; 4,007                                           ;
;     Total combinational functions  ; 1,919                                           ;
;     Dedicated logic registers      ; 2,118                                           ;
; Total registers                    ; 2118                                            ;
; Total pins                         ; 99                                              ;
; Total virtual pins                 ; 0                                               ;
; Total memory bits                  ; 0                                               ;
; Embedded Multiplier 9-bit elements ; 0                                               ;
; Total PLLs                         ; 0                                               ;
+------------------------------------+-------------------------------------------------+


+------------------------------------------------------------------------------------------------------------------------+
; Analysis & Synthesis Settings                                                                                          ;
+----------------------------------------------------------------------------+----------------------+--------------------+
; Option                                                                     ; Setting              ; Default Value      ;
+----------------------------------------------------------------------------+----------------------+--------------------+
; Device                                                                     ; EP4CE115F29C7        ;                    ;
; Top-level entity name                                                      ; SignleCycleProcessor ; lab2               ;
; Family name                                                                ; Cyclone IV E         ; Cyclone IV GX      ;
; Use smart compilation                                                      ; Off                  ; Off                ;
; Enable parallel Assembler and TimeQuest Timing Analyzer during compilation ; On                   ; On                 ;
; Enable compact report table                                                ; Off                  ; Off                ;
; Restructure Multiplexers                                                   ; Auto                 ; Auto               ;
; Create Debugging Nodes for IP Cores                                        ; Off                  ; Off                ;
; Preserve fewer node names                                                  ; On                   ; On                 ;
; Disable OpenCore Plus hardware evaluation                                  ; Off                  ; Off                ;
; Verilog Version                                                            ; Verilog_2001         ; Verilog_2001       ;
; VHDL Version                                                               ; VHDL_1993            ; VHDL_1993          ;
; State Machine Processing                                                   ; Auto                 ; Auto               ;
; Safe State Machine                                                         ; Off                  ; Off                ;
; Extract Verilog State Machines                                             ; On                   ; On                 ;
; Extract VHDL State Machines                                                ; On                   ; On                 ;
; Ignore Verilog initial constructs                                          ; Off                  ; Off                ;
; Iteration limit for constant Verilog loops                                 ; 5000                 ; 5000               ;
; Iteration limit for non-constant Verilog loops                             ; 250                  ; 250                ;
; Add Pass-Through Logic to Inferred RAMs                                    ; On                   ; On                 ;
; Infer RAMs from Raw Logic                                                  ; On                   ; On                 ;
; Parallel Synthesis                                                         ; On                   ; On                 ;
; DSP Block Balancing                                                        ; Auto                 ; Auto               ;
; NOT Gate Push-Back                                                         ; On                   ; On                 ;
; Power-Up Don't Care                                                        ; On                   ; On                 ;
; Remove Redundant Logic Cells                                               ; Off                  ; Off                ;
; Remove Duplicate Registers                                                 ; On                   ; On                 ;
; Ignore CARRY Buffers                                                       ; Off                  ; Off                ;
; Ignore CASCADE Buffers                                                     ; Off                  ; Off                ;
; Ignore GLOBAL Buffers                                                      ; Off                  ; Off                ;
; Ignore ROW GLOBAL Buffers                                                  ; Off                  ; Off                ;
; Ignore LCELL Buffers                                                       ; Off                  ; Off                ;
; Ignore SOFT Buffers                                                        ; On                   ; On                 ;
; Limit AHDL Integers to 32 Bits                                             ; Off                  ; Off                ;
; Optimization Technique                                                     ; Balanced             ; Balanced           ;
; Carry Chain Length                                                         ; 70                   ; 70                 ;
; Auto Carry Chains                                                          ; On                   ; On                 ;
; Auto Open-Drain Pins                                                       ; On                   ; On                 ;
; Perform WYSIWYG Primitive Resynthesis                                      ; Off                  ; Off                ;
; Auto ROM Replacement                                                       ; On                   ; On                 ;
; Auto RAM Replacement                                                       ; On                   ; On                 ;
; Auto DSP Block Replacement                                                 ; On                   ; On                 ;
; Auto Shift Register Replacement                                            ; Auto                 ; Auto               ;
; Allow Shift Register Merging across Hierarchies                            ; Auto                 ; Auto               ;
; Auto Clock Enable Replacement                                              ; On                   ; On                 ;
; Strict RAM Replacement                                                     ; Off                  ; Off                ;
; Allow Synchronous Control Signals                                          ; On                   ; On                 ;
; Force Use of Synchronous Clear Signals                                     ; Off                  ; Off                ;
; Auto RAM Block Balancing                                                   ; On                   ; On                 ;
; Auto RAM to Logic Cell Conversion                                          ; Off                  ; Off                ;
; Auto Resource Sharing                                                      ; Off                  ; Off                ;
; Allow Any RAM Size For Recognition                                         ; Off                  ; Off                ;
; Allow Any ROM Size For Recognition                                         ; Off                  ; Off                ;
; Allow Any Shift Register Size For Recognition                              ; Off                  ; Off                ;
; Use LogicLock Constraints during Resource Balancing                        ; On                   ; On                 ;
; Ignore translate_off and synthesis_off directives                          ; Off                  ; Off                ;
; Timing-Driven Synthesis                                                    ; On                   ; On                 ;
; Report Parameter Settings                                                  ; On                   ; On                 ;
; Report Source Assignments                                                  ; On                   ; On                 ;
; Report Connectivity Checks                                                 ; On                   ; On                 ;
; Ignore Maximum Fan-Out Assignments                                         ; Off                  ; Off                ;
; Synchronization Register Chain Length                                      ; 2                    ; 2                  ;
; PowerPlay Power Optimization                                               ; Normal compilation   ; Normal compilation ;
; HDL message level                                                          ; Level2               ; Level2             ;
; Suppress Register Optimization Related Messages                            ; Off                  ; Off                ;
; Number of Removed Registers Reported in Synthesis Report                   ; 5000                 ; 5000               ;
; Number of Swept Nodes Reported in Synthesis Report                         ; 5000                 ; 5000               ;
; Number of Inverted Registers Reported in Synthesis Report                  ; 100                  ; 100                ;
; Clock MUX Protection                                                       ; On                   ; On                 ;
; Auto Gated Clock Conversion                                                ; Off                  ; Off                ;
; Block Design Naming                                                        ; Auto                 ; Auto               ;
; SDC constraint protection                                                  ; Off                  ; Off                ;
; Synthesis Effort                                                           ; Auto                 ; Auto               ;
; Shift Register Replacement - Allow Asynchronous Clear Signal               ; On                   ; On                 ;
; Pre-Mapping Resynthesis Optimization                                       ; Off                  ; Off                ;
; Analysis & Synthesis Message Level                                         ; Medium               ; Medium             ;
; Disable Register Merging Across Hierarchies                                ; Auto                 ; Auto               ;
; Resource Aware Inference For Block RAM                                     ; On                   ; On                 ;
; Synthesis Seed                                                             ; 1                    ; 1                  ;
+----------------------------------------------------------------------------+----------------------+--------------------+


Parallel compilation was disabled, but you have multiple processors available. Enable parallel compilation to reduce compilation time.
+-------------------------------------+
; Parallel Compilation                ;
+----------------------------+--------+
; Processors                 ; Number ;
+----------------------------+--------+
; Number detected on machine ; 20     ;
; Maximum allowed            ; 1      ;
+----------------------------+--------+


+-----------------------------------------------------------------------------------------------------------------------------------------------------+
; Analysis & Synthesis Source Files Read                                                                                                              ;
+----------------------------------+-----------------+------------------------------------+-------------------------------------------------+---------+
; File Name with User-Entered Path ; Used in Netlist ; File Type                          ; File Name with Absolute Path                    ; Library ;
+----------------------------------+-----------------+------------------------------------+-------------------------------------------------+---------+
; MUX2_1bit.vhd                    ; yes             ; User VHDL File                     ; E:/CEG3156LAB/LAB2_sim/MUX2_1bit.vhd            ;         ;
; MUX2_8bit.vhd                    ; yes             ; User VHDL File                     ; E:/CEG3156LAB/LAB2_sim/MUX2_8bit.vhd            ;         ;
; fullAdder.vhd                    ; yes             ; User VHDL File                     ; E:/CEG3156LAB/LAB2_sim/fullAdder.vhd            ;         ;
; instruction_memory.vhd           ; yes             ; User VHDL File                     ; E:/CEG3156LAB/LAB2_sim/instruction_memory.vhd   ;         ;
; data_memory.vhd                  ; yes             ; User VHDL File                     ; E:/CEG3156LAB/LAB2_sim/data_memory.vhd          ;         ;
; PC.vhd                           ; yes             ; User VHDL File                     ; E:/CEG3156LAB/LAB2_sim/PC.vhd                   ;         ;
; DATAPATH.bdf                     ; yes             ; User Block Diagram/Schematic File  ; E:/CEG3156LAB/LAB2_sim/DATAPATH.bdf             ;         ;
; fullAdder8_bit_plus4.vhd         ; yes             ; User VHDL File                     ; E:/CEG3156LAB/LAB2_sim/fullAdder8_bit_plus4.vhd ;         ;
; JumpAddress.vhd                  ; yes             ; User VHDL File                     ; E:/CEG3156LAB/LAB2_sim/JumpAddress.vhd          ;         ;
; ALU.vhd                          ; yes             ; User VHDL File                     ; E:/CEG3156LAB/LAB2_sim/ALU.vhd                  ;         ;
; ALU_With_Shift.vhd               ; yes             ; User VHDL File                     ; E:/CEG3156LAB/LAB2_sim/ALU_With_Shift.vhd       ;         ;
; Central_RegisterFile.vhd         ; yes             ; User VHDL File                     ; E:/CEG3156LAB/LAB2_sim/Central_RegisterFile.vhd ;         ;
; MUX2_3bit.vhd                    ; yes             ; User VHDL File                     ; E:/CEG3156LAB/LAB2_sim/MUX2_3bit.vhd            ;         ;
; MUX_OUTPUT.vhd                   ; yes             ; User VHDL File                     ; E:/CEG3156LAB/LAB2_sim/MUX_OUTPUT.vhd           ;         ;
; ControlUnit.vhd                  ; yes             ; User VHDL File                     ; E:/CEG3156LAB/LAB2_sim/ControlUnit.vhd          ;         ;
; SignleCycleProcessor.bdf         ; yes             ; User Block Diagram/Schematic File  ; E:/CEG3156LAB/LAB2_sim/SignleCycleProcessor.bdf ;         ;
+----------------------------------+-----------------+------------------------------------+-------------------------------------------------+---------+


+------------------------------------------------------------+
; Analysis & Synthesis Resource Usage Summary                ;
+---------------------------------------------+--------------+
; Resource                                    ; Usage        ;
+---------------------------------------------+--------------+
; Estimated Total logic elements              ; 4,007        ;
;                                             ;              ;
; Total combinational functions               ; 1919         ;
; Logic element usage by number of LUT inputs ;              ;
;     -- 4 input functions                    ; 1553         ;
;     -- 3 input functions                    ; 344          ;
;     -- <=2 input functions                  ; 22           ;
;                                             ;              ;
; Logic elements by mode                      ;              ;
;     -- normal mode                          ; 1893         ;
;     -- arithmetic mode                      ; 26           ;
;                                             ;              ;
; Total registers                             ; 2118         ;
;     -- Dedicated logic registers            ; 2118         ;
;     -- I/O registers                        ; 0            ;
;                                             ;              ;
; I/O pins                                    ; 99           ;
; Embedded Multiplier 9-bit elements          ; 0            ;
; Maximum fan-out node                        ; GCLOCK~input ;
; Maximum fan-out                             ; 2118         ;
; Total fan-out                               ; 13831        ;
; Average fan-out                             ; 3.27         ;
+---------------------------------------------+--------------+


+-----------------------------------------------------------------------------------------------------------------------------------------------------------------------------------------------------------------------------------------------+
; Analysis & Synthesis Resource Utilization by Entity                                                                                                                                                                                           ;
+------------------------------------+-------------------+--------------+-------------+--------------+---------+-----------+------+--------------+-------------------------------------------------------------------------------+--------------+
; Compilation Hierarchy Node         ; LC Combinationals ; LC Registers ; Memory Bits ; DSP Elements ; DSP 9x9 ; DSP 18x18 ; Pins ; Virtual Pins ; Full Hierarchy Name                                                           ; Library Name ;
+------------------------------------+-------------------+--------------+-------------+--------------+---------+-----------+------+--------------+-------------------------------------------------------------------------------+--------------+
; |SignleCycleProcessor              ; 1919 (0)          ; 2118 (0)     ; 0           ; 0            ; 0       ; 0         ; 99   ; 0            ; |SignleCycleProcessor                                                         ; work         ;
;    |ControlUnit:inst1|             ; 7 (7)             ; 0 (0)        ; 0           ; 0            ; 0       ; 0         ; 0    ; 0            ; |SignleCycleProcessor|ControlUnit:inst1                                       ; work         ;
;    |DATAPATH:inst|                 ; 1880 (1)          ; 2118 (0)     ; 0           ; 0            ; 0       ; 0         ; 0    ; 0            ; |SignleCycleProcessor|DATAPATH:inst                                           ; work         ;
;       |ALU:inst7|                  ; 81 (81)           ; 0 (0)        ; 0           ; 0            ; 0       ; 0         ; 0    ; 0            ; |SignleCycleProcessor|DATAPATH:inst|ALU:inst7                                 ; work         ;
;       |ALU_With_Shift:inst6|       ; 6 (6)             ; 0 (0)        ; 0           ; 0            ; 0       ; 0         ; 0    ; 0            ; |SignleCycleProcessor|DATAPATH:inst|ALU_With_Shift:inst6                      ; work         ;
;       |Central_RegisterFile:inst8| ; 70 (70)           ; 64 (64)      ; 0           ; 0            ; 0       ; 0         ; 0    ; 0            ; |SignleCycleProcessor|DATAPATH:inst|Central_RegisterFile:inst8                ; work         ;
;       |MUX2_3bit:inst3|            ; 2 (0)             ; 0 (0)        ; 0           ; 0            ; 0       ; 0         ; 0    ; 0            ; |SignleCycleProcessor|DATAPATH:inst|MUX2_3bit:inst3                           ; work         ;
;          |MUX2_1bit:m0|            ; 1 (1)             ; 0 (0)        ; 0           ; 0            ; 0       ; 0         ; 0    ; 0            ; |SignleCycleProcessor|DATAPATH:inst|MUX2_3bit:inst3|MUX2_1bit:m0              ; work         ;
;          |MUX2_1bit:m1|            ; 1 (1)             ; 0 (0)        ; 0           ; 0            ; 0       ; 0         ; 0    ; 0            ; |SignleCycleProcessor|DATAPATH:inst|MUX2_3bit:inst3|MUX2_1bit:m1              ; work         ;
;       |MUX2_8bit:inst11|           ; 9 (0)             ; 0 (0)        ; 0           ; 0            ; 0       ; 0         ; 0    ; 0            ; |SignleCycleProcessor|DATAPATH:inst|MUX2_8bit:inst11                          ; work         ;
;          |MUX2_1bit:m0|            ; 1 (1)             ; 0 (0)        ; 0           ; 0            ; 0       ; 0         ; 0    ; 0            ; |SignleCycleProcessor|DATAPATH:inst|MUX2_8bit:inst11|MUX2_1bit:m0             ; work         ;
;          |MUX2_1bit:m1|            ; 1 (1)             ; 0 (0)        ; 0           ; 0            ; 0       ; 0         ; 0    ; 0            ; |SignleCycleProcessor|DATAPATH:inst|MUX2_8bit:inst11|MUX2_1bit:m1             ; work         ;
;          |MUX2_1bit:m2|            ; 1 (1)             ; 0 (0)        ; 0           ; 0            ; 0       ; 0         ; 0    ; 0            ; |SignleCycleProcessor|DATAPATH:inst|MUX2_8bit:inst11|MUX2_1bit:m2             ; work         ;
;          |MUX2_1bit:m3|            ; 1 (1)             ; 0 (0)        ; 0           ; 0            ; 0       ; 0         ; 0    ; 0            ; |SignleCycleProcessor|DATAPATH:inst|MUX2_8bit:inst11|MUX2_1bit:m3             ; work         ;
;          |MUX2_1bit:m4|            ; 1 (1)             ; 0 (0)        ; 0           ; 0            ; 0       ; 0         ; 0    ; 0            ; |SignleCycleProcessor|DATAPATH:inst|MUX2_8bit:inst11|MUX2_1bit:m4             ; work         ;
;          |MUX2_1bit:m5|            ; 1 (1)             ; 0 (0)        ; 0           ; 0            ; 0       ; 0         ; 0    ; 0            ; |SignleCycleProcessor|DATAPATH:inst|MUX2_8bit:inst11|MUX2_1bit:m5             ; work         ;
;          |MUX2_1bit:m6|            ; 1 (1)             ; 0 (0)        ; 0           ; 0            ; 0       ; 0         ; 0    ; 0            ; |SignleCycleProcessor|DATAPATH:inst|MUX2_8bit:inst11|MUX2_1bit:m6             ; work         ;
;          |MUX2_1bit:m7|            ; 2 (2)             ; 0 (0)        ; 0           ; 0            ; 0       ; 0         ; 0    ; 0            ; |SignleCycleProcessor|DATAPATH:inst|MUX2_8bit:inst11|MUX2_1bit:m7             ; work         ;
;       |MUX2_8bit:inst9|            ; 10 (0)            ; 0 (0)        ; 0           ; 0            ; 0       ; 0         ; 0    ; 0            ; |SignleCycleProcessor|DATAPATH:inst|MUX2_8bit:inst9                           ; work         ;
;          |MUX2_1bit:m0|            ; 2 (2)             ; 0 (0)        ; 0           ; 0            ; 0       ; 0         ; 0    ; 0            ; |SignleCycleProcessor|DATAPATH:inst|MUX2_8bit:inst9|MUX2_1bit:m0              ; work         ;
;          |MUX2_1bit:m1|            ; 2 (2)             ; 0 (0)        ; 0           ; 0            ; 0       ; 0         ; 0    ; 0            ; |SignleCycleProcessor|DATAPATH:inst|MUX2_8bit:inst9|MUX2_1bit:m1              ; work         ;
;          |MUX2_1bit:m2|            ; 1 (1)             ; 0 (0)        ; 0           ; 0            ; 0       ; 0         ; 0    ; 0            ; |SignleCycleProcessor|DATAPATH:inst|MUX2_8bit:inst9|MUX2_1bit:m2              ; work         ;
;          |MUX2_1bit:m3|            ; 1 (1)             ; 0 (0)        ; 0           ; 0            ; 0       ; 0         ; 0    ; 0            ; |SignleCycleProcessor|DATAPATH:inst|MUX2_8bit:inst9|MUX2_1bit:m3              ; work         ;
;          |MUX2_1bit:m4|            ; 1 (1)             ; 0 (0)        ; 0           ; 0            ; 0       ; 0         ; 0    ; 0            ; |SignleCycleProcessor|DATAPATH:inst|MUX2_8bit:inst9|MUX2_1bit:m4              ; work         ;
;          |MUX2_1bit:m5|            ; 1 (1)             ; 0 (0)        ; 0           ; 0            ; 0       ; 0         ; 0    ; 0            ; |SignleCycleProcessor|DATAPATH:inst|MUX2_8bit:inst9|MUX2_1bit:m5              ; work         ;
;          |MUX2_1bit:m6|            ; 1 (1)             ; 0 (0)        ; 0           ; 0            ; 0       ; 0         ; 0    ; 0            ; |SignleCycleProcessor|DATAPATH:inst|MUX2_8bit:inst9|MUX2_1bit:m6              ; work         ;
;          |MUX2_1bit:m7|            ; 1 (1)             ; 0 (0)        ; 0           ; 0            ; 0       ; 0         ; 0    ; 0            ; |SignleCycleProcessor|DATAPATH:inst|MUX2_8bit:inst9|MUX2_1bit:m7              ; work         ;
;       |PC:inst|                    ; 6 (6)             ; 6 (6)        ; 0           ; 0            ; 0       ; 0         ; 0    ; 0            ; |SignleCycleProcessor|DATAPATH:inst|PC:inst                                   ; work         ;
;       |data_memory:inst2|          ; 1656 (1656)       ; 2048 (2048)  ; 0           ; 0            ; 0       ; 0         ; 0    ; 0            ; |SignleCycleProcessor|DATAPATH:inst|data_memory:inst2                         ; work         ;
;       |fullAdder8_bit_plus4:inst4| ; 6 (0)             ; 0 (0)        ; 0           ; 0            ; 0       ; 0         ; 0    ; 0            ; |SignleCycleProcessor|DATAPATH:inst|fullAdder8_bit_plus4:inst4                ; work         ;
;          |fullAdder:bit3|          ; 1 (1)             ; 0 (0)        ; 0           ; 0            ; 0       ; 0         ; 0    ; 0            ; |SignleCycleProcessor|DATAPATH:inst|fullAdder8_bit_plus4:inst4|fullAdder:bit3 ; work         ;
;          |fullAdder:bit4|          ; 1 (1)             ; 0 (0)        ; 0           ; 0            ; 0       ; 0         ; 0    ; 0            ; |SignleCycleProcessor|DATAPATH:inst|fullAdder8_bit_plus4:inst4|fullAdder:bit4 ; work         ;
;          |fullAdder:bit5|          ; 2 (2)             ; 0 (0)        ; 0           ; 0            ; 0       ; 0         ; 0    ; 0            ; |SignleCycleProcessor|DATAPATH:inst|fullAdder8_bit_plus4:inst4|fullAdder:bit5 ; work         ;
;          |fullAdder:bit6|          ; 1 (1)             ; 0 (0)        ; 0           ; 0            ; 0       ; 0         ; 0    ; 0            ; |SignleCycleProcessor|DATAPATH:inst|fullAdder8_bit_plus4:inst4|fullAdder:bit6 ; work         ;
;          |fullAdder:bit7|          ; 1 (1)             ; 0 (0)        ; 0           ; 0            ; 0       ; 0         ; 0    ; 0            ; |SignleCycleProcessor|DATAPATH:inst|fullAdder8_bit_plus4:inst4|fullAdder:bit7 ; work         ;
;       |instruction_memory:inst15|  ; 33 (33)           ; 0 (0)        ; 0           ; 0            ; 0       ; 0         ; 0    ; 0            ; |SignleCycleProcessor|DATAPATH:inst|instruction_memory:inst15                 ; work         ;
;    |MUX_OUTPUT:inst2|              ; 32 (32)           ; 0 (0)        ; 0           ; 0            ; 0       ; 0         ; 0    ; 0            ; |SignleCycleProcessor|MUX_OUTPUT:inst2                                        ; work         ;
+------------------------------------+-------------------+--------------+-------------+--------------+---------+-----------+------+--------------+-------------------------------------------------------------------------------+--------------+
Note: For table entries with two numbers listed, the numbers in parentheses indicate the number of resources of the given type used by the specific entity alone. The numbers listed outside of parentheses indicate the total resources of the given type used by the specific entity and all of its sub-entities in the hierarchy.


+-------------------------------------------------------------------------------------+
; Registers Removed During Synthesis                                                  ;
+---------------------------------------+---------------------------------------------+
; Register name                         ; Reason for Removal                          ;
+---------------------------------------+---------------------------------------------+
; DATAPATH:inst|PC:inst|pc_reg[0]       ; Merged with DATAPATH:inst|PC:inst|pc_reg[1] ;
; DATAPATH:inst|PC:inst|pc_reg[1]       ; Stuck at GND due to stuck port data_in      ;
; Total Number of Removed Registers = 2 ;                                             ;
+---------------------------------------+---------------------------------------------+


+------------------------------------------------------+
; General Register Statistics                          ;
+----------------------------------------------+-------+
; Statistic                                    ; Value ;
+----------------------------------------------+-------+
; Total registers                              ; 2118  ;
; Number of registers using Synchronous Clear  ; 0     ;
; Number of registers using Synchronous Load   ; 6     ;
; Number of registers using Asynchronous Clear ; 6     ;
; Number of registers using Asynchronous Load  ; 0     ;
; Number of registers using Clock Enable       ; 2112  ;
; Number of registers using Preset             ; 0     ;
+----------------------------------------------+-------+


+-----------------------------------------------------------------------------------------------------------------------------------------------------------------------------------+
; Multiplexer Restructuring Statistics (Restructuring Performed)                                                                                                                    ;
+--------------------+-----------+---------------+----------------------+------------------------+------------+---------------------------------------------------------------------+
; Multiplexer Inputs ; Bus Width ; Baseline Area ; Area if Restructured ; Saving if Restructured ; Registered ; Example Multiplexer Output                                          ;
+--------------------+-----------+---------------+----------------------+------------------------+------------+---------------------------------------------------------------------+
; 3:1                ; 6 bits    ; 12 LEs        ; 12 LEs               ; 0 LEs                  ; Yes        ; |SignleCycleProcessor|DATAPATH:inst|PC:inst|pc_reg[4]               ;
; 3:1                ; 8 bits    ; 16 LEs        ; 16 LEs               ; 0 LEs                  ; No         ; |SignleCycleProcessor|DATAPATH:inst|MUX2_8bit:inst11|MUX2_1bit:m7|y ;
; 8:1                ; 2 bits    ; 10 LEs        ; 8 LEs                ; 2 LEs                  ; No         ; |SignleCycleProcessor|MUX_OUTPUT:inst2|Mux2                         ;
; 7:1                ; 3 bits    ; 12 LEs        ; 12 LEs               ; 0 LEs                  ; No         ; |SignleCycleProcessor|MUX_OUTPUT:inst2|Mux1                         ;
; 67:1               ; 7 bits    ; 308 LEs       ; 28 LEs               ; 280 LEs                ; No         ; |SignleCycleProcessor|DATAPATH:inst|ALU:inst7|Mux8                  ;
+--------------------+-----------+---------------+----------------------+------------------------+------------+---------------------------------------------------------------------+


+-------------------------------------------------------------------------------------+
; Port Connectivity Checks: "DATAPATH:inst|fullAdder8_bit_plus4:inst4|fullAdder:bit7" ;
+------+-------+----------+-----------------------------------------------------------+
; Port ; Type  ; Severity ; Details                                                   ;
+------+-------+----------+-----------------------------------------------------------+
; b    ; Input ; Info     ; Stuck at GND                                              ;
+------+-------+----------+-----------------------------------------------------------+


+-------------------------------------------------------------------------------------+
; Port Connectivity Checks: "DATAPATH:inst|fullAdder8_bit_plus4:inst4|fullAdder:bit6" ;
+------+-------+----------+-----------------------------------------------------------+
; Port ; Type  ; Severity ; Details                                                   ;
+------+-------+----------+-----------------------------------------------------------+
; b    ; Input ; Info     ; Stuck at GND                                              ;
+------+-------+----------+-----------------------------------------------------------+


+-------------------------------------------------------------------------------------+
; Port Connectivity Checks: "DATAPATH:inst|fullAdder8_bit_plus4:inst4|fullAdder:bit5" ;
+------+-------+----------+-----------------------------------------------------------+
; Port ; Type  ; Severity ; Details                                                   ;
+------+-------+----------+-----------------------------------------------------------+
; b    ; Input ; Info     ; Stuck at GND                                              ;
+------+-------+----------+-----------------------------------------------------------+


+-------------------------------------------------------------------------------------+
; Port Connectivity Checks: "DATAPATH:inst|fullAdder8_bit_plus4:inst4|fullAdder:bit4" ;
+------+-------+----------+-----------------------------------------------------------+
; Port ; Type  ; Severity ; Details                                                   ;
+------+-------+----------+-----------------------------------------------------------+
; b    ; Input ; Info     ; Stuck at GND                                              ;
+------+-------+----------+-----------------------------------------------------------+


+-------------------------------------------------------------------------------------+
; Port Connectivity Checks: "DATAPATH:inst|fullAdder8_bit_plus4:inst4|fullAdder:bit3" ;
+------+-------+----------+-----------------------------------------------------------+
; Port ; Type  ; Severity ; Details                                                   ;
+------+-------+----------+-----------------------------------------------------------+
; b    ; Input ; Info     ; Stuck at GND                                              ;
+------+-------+----------+-----------------------------------------------------------+


+-------------------------------------------------------------------------------------+
; Port Connectivity Checks: "DATAPATH:inst|fullAdder8_bit_plus4:inst4|fullAdder:bit2" ;
+------+-------+----------+-----------------------------------------------------------+
; Port ; Type  ; Severity ; Details                                                   ;
+------+-------+----------+-----------------------------------------------------------+
; b    ; Input ; Info     ; Stuck at VCC                                              ;
+------+-------+----------+-----------------------------------------------------------+


+-------------------------------------------------------------------------------------+
; Port Connectivity Checks: "DATAPATH:inst|fullAdder8_bit_plus4:inst4|fullAdder:bit1" ;
+------+-------+----------+-----------------------------------------------------------+
; Port ; Type  ; Severity ; Details                                                   ;
+------+-------+----------+-----------------------------------------------------------+
; b    ; Input ; Info     ; Stuck at GND                                              ;
+------+-------+----------+-----------------------------------------------------------+


+-------------------------------------------------------------------------------------+
; Port Connectivity Checks: "DATAPATH:inst|fullAdder8_bit_plus4:inst4|fullAdder:bit0" ;
+------+-------+----------+-----------------------------------------------------------+
; Port ; Type  ; Severity ; Details                                                   ;
+------+-------+----------+-----------------------------------------------------------+
; b    ; Input ; Info     ; Stuck at GND                                              ;
; cin  ; Input ; Info     ; Stuck at GND                                              ;
+------+-------+----------+-----------------------------------------------------------+


+-------------------------------+
; Elapsed Time Per Partition    ;
+----------------+--------------+
; Partition Name ; Elapsed Time ;
+----------------+--------------+
; Top            ; 00:00:03     ;
+----------------+--------------+


+-------------------------------+
; Analysis & Synthesis Messages ;
+-------------------------------+
Info: *******************************************************************
Info: Running Quartus II 64-Bit Analysis & Synthesis
    Info: Version 13.0.1 Build 232 06/12/2013 Service Pack 1 SJ Web Edition
    Info: Processing started: Wed Apr 02 21:33:50 2025
Info: Command: quartus_map --read_settings_files=on --write_settings_files=off lab2 -c lab2
Warning (20028): Parallel compilation is not licensed and has been disabled
Info (12021): Found 2 design units, including 1 entities, in source file registerfile.vhd
    Info (12022): Found design unit 1: RegisterFile-behavioral
    Info (12023): Found entity 1: RegisterFile
Info (12021): Found 2 design units, including 1 entities, in source file mux2_1bit.vhd
    Info (12022): Found design unit 1: MUX2_1bit-rtl
    Info (12023): Found entity 1: MUX2_1bit
Info (12021): Found 2 design units, including 1 entities, in source file mux2_8bit.vhd
    Info (12022): Found design unit 1: MUX2_8bit-rtl
    Info (12023): Found entity 1: MUX2_8bit
Info (12021): Found 2 design units, including 1 entities, in source file alu_tb.vhd
    Info (12022): Found design unit 1: ALU_tb-testbench
    Info (12023): Found entity 1: ALU_tb
Info (12021): Found 2 design units, including 1 entities, in source file fulladder8_bit.vhd
    Info (12022): Found design unit 1: fullAdder8_bit-rtl
    Info (12023): Found entity 1: fullAdder8_bit
Info (12021): Found 2 design units, including 1 entities, in source file fulladder.vhd
    Info (12022): Found design unit 1: fullAdder-rtl
    Info (12023): Found entity 1: fullAdder
Info (12021): Found 2 design units, including 1 entities, in source file instruction_memory.vhd
    Info (12022): Found design unit 1: instruction_memory-rtl
    Info (12023): Found entity 1: instruction_memory
Info (12021): Found 2 design units, including 1 entities, in source file data_memory.vhd
    Info (12022): Found design unit 1: data_memory-rtl
    Info (12023): Found entity 1: data_memory
Info (12021): Found 2 design units, including 1 entities, in source file pc.vhd
    Info (12022): Found design unit 1: PC-behavioral
    Info (12023): Found entity 1: PC
Info (12021): Found 1 design units, including 1 entities, in source file datapath.bdf
    Info (12023): Found entity 1: DATAPATH
Info (12021): Found 2 design units, including 1 entities, in source file fulladder8_bit_plus4.vhd
    Info (12022): Found design unit 1: fullAdder8_bit_plus4-rtl
    Info (12023): Found entity 1: fullAdder8_bit_plus4
Info (12021): Found 2 design units, including 1 entities, in source file jumpaddress.vhd
    Info (12022): Found design unit 1: JumpAddress-structural
    Info (12023): Found entity 1: JumpAddress
Info (12021): Found 2 design units, including 1 entities, in source file alu.vhd
    Info (12022): Found design unit 1: ALU-behavioral
    Info (12023): Found entity 1: ALU
Info (12021): Found 2 design units, including 1 entities, in source file alu_with_shift.vhd
    Info (12022): Found design unit 1: ALU_With_Shift-rtl
    Info (12023): Found entity 1: ALU_With_Shift
Info (12021): Found 2 design units, including 1 entities, in source file central_registerfile.vhd
    Info (12022): Found design unit 1: Central_RegisterFile-behavioral
    Info (12023): Found entity 1: Central_RegisterFile
Info (12021): Found 2 design units, including 1 entities, in source file mux2_3bit.vhd
    Info (12022): Found design unit 1: MUX2_3bit-rtl
    Info (12023): Found entity 1: MUX2_3bit
Info (12021): Found 2 design units, including 1 entities, in source file mux_output.vhd
    Info (12022): Found design unit 1: MUX_OUTPUT-rtl
    Info (12023): Found entity 1: MUX_OUTPUT
Info (12021): Found 2 design units, including 1 entities, in source file controlunit.vhd
    Info (12022): Found design unit 1: ControlUnit-Behavioral
    Info (12023): Found entity 1: ControlUnit
Info (12021): Found 1 design units, including 1 entities, in source file signlecycleprocessor.bdf
    Info (12023): Found entity 1: SignleCycleProcessor
Info (12127): Elaborating entity "SignleCycleProcessor" for the top level hierarchy
Info (12128): Elaborating entity "ControlUnit" for hierarchy "ControlUnit:inst1"
Info (12128): Elaborating entity "DATAPATH" for hierarchy "DATAPATH:inst"
Info (12128): Elaborating entity "ALU" for hierarchy "DATAPATH:inst|ALU:inst7"
Warning (10492): VHDL Process Statement warning at ALU.vhd(59): signal "result" is read inside the Process Statement but isn't in the Process Statement's sensitivity list
Info (12128): Elaborating entity "Central_RegisterFile" for hierarchy "DATAPATH:inst|Central_RegisterFile:inst8"
Info (12128): Elaborating entity "instruction_memory" for hierarchy "DATAPATH:inst|instruction_memory:inst15"
Info (12128): Elaborating entity "PC" for hierarchy "DATAPATH:inst|PC:inst"
Info (12128): Elaborating entity "MUX2_8bit" for hierarchy "DATAPATH:inst|MUX2_8bit:inst13"
Info (12128): Elaborating entity "MUX2_1bit" for hierarchy "DATAPATH:inst|MUX2_8bit:inst13|MUX2_1bit:m0"
Info (12128): Elaborating entity "fullAdder8_bit_plus4" for hierarchy "DATAPATH:inst|fullAdder8_bit_plus4:inst4"
Info (12128): Elaborating entity "fullAdder" for hierarchy "DATAPATH:inst|fullAdder8_bit_plus4:inst4|fullAdder:bit0"
Info (12128): Elaborating entity "ALU_With_Shift" for hierarchy "DATAPATH:inst|ALU_With_Shift:inst6"
Info (12128): Elaborating entity "JumpAddress" for hierarchy "DATAPATH:inst|JumpAddress:inst5"
Info (12128): Elaborating entity "data_memory" for hierarchy "DATAPATH:inst|data_memory:inst2"
Info (12128): Elaborating entity "MUX2_3bit" for hierarchy "DATAPATH:inst|MUX2_3bit:inst3"
Info (12128): Elaborating entity "MUX_OUTPUT" for hierarchy "MUX_OUTPUT:inst2"
Info (276014): Found 2 instances of uninferred RAM logic
    Info (276004): RAM logic "DATAPATH:inst|Central_RegisterFile:inst8|registers" is uninferred due to inappropriate RAM size
    Info (276007): RAM logic "DATAPATH:inst|data_memory:inst2|ram" is uninferred due to asynchronous read logic
Warning (13024): Output pins are stuck at VCC or GND
    Warning (13410): Pin "InstructionOut[30]" is stuck at GND
    Warning (13410): Pin "InstructionOut[25]" is stuck at GND
    Warning (13410): Pin "InstructionOut[24]" is stuck at GND
    Warning (13410): Pin "InstructionOut[23]" is stuck at GND
    Warning (13410): Pin "InstructionOut[20]" is stuck at GND
    Warning (13410): Pin "InstructionOut[19]" is stuck at GND
    Warning (13410): Pin "PCOut[1]" is stuck at GND
    Warning (13410): Pin "PCOut[0]" is stuck at GND
Info (286030): Timing-Driven Synthesis is running
Info (16010): Generating hard_block partition "hard_block:auto_generated_inst"
    Info (16011): Adding 0 node(s), including 0 DDIO, 0 PLL, 0 transceiver and 0 LCELL
Info (21057): Implemented 4122 device resources after synthesis - the final resource count might be different
    Info (21058): Implemented 5 input pins
    Info (21059): Implemented 94 output pins
    Info (21061): Implemented 4023 logic cells
Info: Quartus II 64-Bit Analysis & Synthesis was successful. 0 errors, 11 warnings
    Info: Peak virtual memory: 4650 megabytes
    Info: Processing ended: Wed Apr 02 21:33:54 2025
    Info: Elapsed time: 00:00:04
    Info: Total CPU time (on all processors): 00:00:05


