Analysis & Synthesis report for LAB3
Fri Apr 04 21:18:09 2025
Quartus II 64-Bit Version 13.0.1 Build 232 06/12/2013 Service Pack 1 SJ Web Edition


---------------------
; Table of Contents ;
---------------------
  1. Legal Notice
  2. Analysis & Synthesis Summary
  3. Analysis & Synthesis Settings
  4. Parallel Compilation
  5. Analysis & Synthesis Source Files Read
  6. Analysis & Synthesis Resource Usage Summary
  7. Analysis & Synthesis Resource Utilization by Entity
  8. Logic Cells Representing Combinational Loops
  9. General Register Statistics
 10. Port Connectivity Checks: "OneBitRegister:\GEN_PC:7:REG_BIT"
 11. Port Connectivity Checks: "OneBitRegister:\GEN_PC:6:REG_BIT"
 12. Port Connectivity Checks: "OneBitRegister:\GEN_PC:5:REG_BIT"
 13. Port Connectivity Checks: "OneBitRegister:\GEN_PC:4:REG_BIT"
 14. Port Connectivity Checks: "OneBitRegister:\GEN_PC:3:REG_BIT"
 15. Port Connectivity Checks: "OneBitRegister:\GEN_PC:2:REG_BIT"
 16. Port Connectivity Checks: "OneBitRegister:\GEN_PC:1:REG_BIT"
 17. Port Connectivity Checks: "OneBitRegister:\GEN_PC:0:REG_BIT"
 18. Elapsed Time Per Partition
 19. Analysis & Synthesis Messages



----------------
; Legal Notice ;
----------------
Copyright (C) 1991-2013 Altera Corporation
Your use of Altera Corporation's design tools, logic functions 
and other software and tools, and its AMPP partner logic 
functions, and any output files from any of the foregoing 
(including device programming or simulation files), and any 
associated documentation or information are expressly subject 
to the terms and conditions of the Altera Program License 
Subscription Agreement, Altera MegaCore Function License 
Agreement, or other applicable license agreement, including, 
without limitation, that your use is for the sole purpose of 
programming logic devices manufactured by Altera and sold by 
Altera or its authorized distributors.  Please refer to the 
applicable agreement for further details.



+--------------------------------------------------------------------------------------+
; Analysis & Synthesis Summary                                                         ;
+------------------------------------+-------------------------------------------------+
; Analysis & Synthesis Status        ; Successful - Fri Apr 04 21:18:09 2025           ;
; Quartus II 64-Bit Version          ; 13.0.1 Build 232 06/12/2013 SP 1 SJ Web Edition ;
; Revision Name                      ; LAB3                                            ;
; Top-level Entity Name              ; PC                                              ;
; Family                             ; Cyclone IV E                                    ;
; Total logic elements               ; 32                                              ;
;     Total combinational functions  ; 32                                              ;
;     Dedicated logic registers      ; 0                                               ;
; Total registers                    ; 0                                               ;
; Total pins                         ; 20                                              ;
; Total virtual pins                 ; 0                                               ;
; Total memory bits                  ; 0                                               ;
; Embedded Multiplier 9-bit elements ; 0                                               ;
; Total PLLs                         ; 0                                               ;
+------------------------------------+-------------------------------------------------+


+----------------------------------------------------------------------------------------------------------------------+
; Analysis & Synthesis Settings                                                                                        ;
+----------------------------------------------------------------------------+--------------------+--------------------+
; Option                                                                     ; Setting            ; Default Value      ;
+----------------------------------------------------------------------------+--------------------+--------------------+
; Device                                                                     ; EP4CE115F29C7      ;                    ;
; Top-level entity name                                                      ; PC                 ; LAB3               ;
; Family name                                                                ; Cyclone IV E       ; Cyclone IV GX      ;
; Use smart compilation                                                      ; Off                ; Off                ;
; Enable parallel Assembler and TimeQuest Timing Analyzer during compilation ; On                 ; On                 ;
; Enable compact report table                                                ; Off                ; Off                ;
; Restructure Multiplexers                                                   ; Auto               ; Auto               ;
; Create Debugging Nodes for IP Cores                                        ; Off                ; Off                ;
; Preserve fewer node names                                                  ; On                 ; On                 ;
; Disable OpenCore Plus hardware evaluation                                  ; Off                ; Off                ;
; Verilog Version                                                            ; Verilog_2001       ; Verilog_2001       ;
; VHDL Version                                                               ; VHDL_1993          ; VHDL_1993          ;
; State Machine Processing                                                   ; Auto               ; Auto               ;
; Safe State Machine                                                         ; Off                ; Off                ;
; Extract Verilog State Machines                                             ; On                 ; On                 ;
; Extract VHDL State Machines                                                ; On                 ; On                 ;
; Ignore Verilog initial constructs                                          ; Off                ; Off                ;
; Iteration limit for constant Verilog loops                                 ; 5000               ; 5000               ;
; Iteration limit for non-constant Verilog loops                             ; 250                ; 250                ;
; Add Pass-Through Logic to Inferred RAMs                                    ; On                 ; On                 ;
; Infer RAMs from Raw Logic                                                  ; On                 ; On                 ;
; Parallel Synthesis                                                         ; On                 ; On                 ;
; DSP Block Balancing                                                        ; Auto               ; Auto               ;
; NOT Gate Push-Back                                                         ; On                 ; On                 ;
; Power-Up Don't Care                                                        ; On                 ; On                 ;
; Remove Redundant Logic Cells                                               ; Off                ; Off                ;
; Remove Duplicate Registers                                                 ; On                 ; On                 ;
; Ignore CARRY Buffers                                                       ; Off                ; Off                ;
; Ignore CASCADE Buffers                                                     ; Off                ; Off                ;
; Ignore GLOBAL Buffers                                                      ; Off                ; Off                ;
; Ignore ROW GLOBAL Buffers                                                  ; Off                ; Off                ;
; Ignore LCELL Buffers                                                       ; Off                ; Off                ;
; Ignore SOFT Buffers                                                        ; On                 ; On                 ;
; Limit AHDL Integers to 32 Bits                                             ; Off                ; Off                ;
; Optimization Technique                                                     ; Balanced           ; Balanced           ;
; Carry Chain Length                                                         ; 70                 ; 70                 ;
; Auto Carry Chains                                                          ; On                 ; On                 ;
; Auto Open-Drain Pins                                                       ; On                 ; On                 ;
; Perform WYSIWYG Primitive Resynthesis                                      ; Off                ; Off                ;
; Auto ROM Replacement                                                       ; On                 ; On                 ;
; Auto RAM Replacement                                                       ; On                 ; On                 ;
; Auto DSP Block Replacement                                                 ; On                 ; On                 ;
; Auto Shift Register Replacement                                            ; Auto               ; Auto               ;
; Allow Shift Register Merging across Hierarchies                            ; Auto               ; Auto               ;
; Auto Clock Enable Replacement                                              ; On                 ; On                 ;
; Strict RAM Replacement                                                     ; Off                ; Off                ;
; Allow Synchronous Control Signals                                          ; On                 ; On                 ;
; Force Use of Synchronous Clear Signals                                     ; Off                ; Off                ;
; Auto RAM Block Balancing                                                   ; On                 ; On                 ;
; Auto RAM to Logic Cell Conversion                                          ; Off                ; Off                ;
; Auto Resource Sharing                                                      ; Off                ; Off                ;
; Allow Any RAM Size For Recognition                                         ; Off                ; Off                ;
; Allow Any ROM Size For Recognition                                         ; Off                ; Off                ;
; Allow Any Shift Register Size For Recognition                              ; Off                ; Off                ;
; Use LogicLock Constraints during Resource Balancing                        ; On                 ; On                 ;
; Ignore translate_off and synthesis_off directives                          ; Off                ; Off                ;
; Timing-Driven Synthesis                                                    ; On                 ; On                 ;
; Report Parameter Settings                                                  ; On                 ; On                 ;
; Report Source Assignments                                                  ; On                 ; On                 ;
; Report Connectivity Checks                                                 ; On                 ; On                 ;
; Ignore Maximum Fan-Out Assignments                                         ; Off                ; Off                ;
; Synchronization Register Chain Length                                      ; 2                  ; 2                  ;
; PowerPlay Power Optimization                                               ; Normal compilation ; Normal compilation ;
; HDL message level                                                          ; Level2             ; Level2             ;
; Suppress Register Optimization Related Messages                            ; Off                ; Off                ;
; Number of Removed Registers Reported in Synthesis Report                   ; 5000               ; 5000               ;
; Number of Swept Nodes Reported in Synthesis Report                         ; 5000               ; 5000               ;
; Number of Inverted Registers Reported in Synthesis Report                  ; 100                ; 100                ;
; Clock MUX Protection                                                       ; On                 ; On                 ;
; Auto Gated Clock Conversion                                                ; Off                ; Off                ;
; Block Design Naming                                                        ; Auto               ; Auto               ;
; SDC constraint protection                                                  ; Off                ; Off                ;
; Synthesis Effort                                                           ; Auto               ; Auto               ;
; Shift Register Replacement - Allow Asynchronous Clear Signal               ; On                 ; On                 ;
; Pre-Mapping Resynthesis Optimization                                       ; Off                ; Off                ;
; Analysis & Synthesis Message Level                                         ; Medium             ; Medium             ;
; Disable Register Merging Across Hierarchies                                ; Auto               ; Auto               ;
; Resource Aware Inference For Block RAM                                     ; On                 ; On                 ;
; Synthesis Seed                                                             ; 1                  ; 1                  ;
+----------------------------------------------------------------------------+--------------------+--------------------+


Parallel compilation was disabled, but you have multiple processors available. Enable parallel compilation to reduce compilation time.
+-------------------------------------+
; Parallel Compilation                ;
+----------------------------+--------+
; Processors                 ; Number ;
+----------------------------+--------+
; Number detected on machine ; 20     ;
; Maximum allowed            ; 1      ;
+----------------------------+--------+


+-----------------------------------------------------------------------------------------------------------------------------+
; Analysis & Synthesis Source Files Read                                                                                      ;
+----------------------------------+-----------------+-----------------+--------------------------------------------+---------+
; File Name with User-Entered Path ; Used in Netlist ; File Type       ; File Name with Absolute Path               ; Library ;
+----------------------------------+-----------------+-----------------+--------------------------------------------+---------+
; PC.vhd                           ; yes             ; User VHDL File  ; E:/CEG3156LAB/LAB3/LAB3/PC.vhd             ;         ;
; enabledSRLatch.vhd               ; yes             ; User VHDL File  ; E:/CEG3156LAB/LAB3/LAB3/enabledSRLatch.vhd ;         ;
; twoonemux.vhd                    ; yes             ; User VHDL File  ; E:/CEG3156LAB/LAB3/LAB3/twoonemux.vhd      ;         ;
; dflipflop.vhd                    ; yes             ; User VHDL File  ; E:/CEG3156LAB/LAB3/LAB3/dflipflop.vhd      ;         ;
; OneBitRegister.vhd               ; yes             ; User VHDL File  ; E:/CEG3156LAB/LAB3/LAB3/OneBitRegister.vhd ;         ;
+----------------------------------+-----------------+-----------------+--------------------------------------------+---------+


+-------------------------------------------------------------+
; Analysis & Synthesis Resource Usage Summary                 ;
+---------------------------------------------+---------------+
; Resource                                    ; Usage         ;
+---------------------------------------------+---------------+
; Estimated Total logic elements              ; 32            ;
;                                             ;               ;
; Total combinational functions               ; 32            ;
; Logic element usage by number of LUT inputs ;               ;
;     -- 4 input functions                    ; 16            ;
;     -- 3 input functions                    ; 8             ;
;     -- <=2 input functions                  ; 8             ;
;                                             ;               ;
; Logic elements by mode                      ;               ;
;     -- normal mode                          ; 32            ;
;     -- arithmetic mode                      ; 0             ;
;                                             ;               ;
; Total registers                             ; 0             ;
;     -- Dedicated logic registers            ; 0             ;
;     -- I/O registers                        ; 0             ;
;                                             ;               ;
; I/O pins                                    ; 20            ;
; Embedded Multiplier 9-bit elements          ; 0             ;
; Maximum fan-out node                        ; i_clock~input ;
; Maximum fan-out                             ; 24            ;
; Total fan-out                               ; 132           ;
; Average fan-out                             ; 1.83          ;
+---------------------------------------------+---------------+


+-------------------------------------------------------------------------------------------------------------------------------------------------------------------------------------------------------------------------------------------------------+
; Analysis & Synthesis Resource Utilization by Entity                                                                                                                                                                                                   ;
+---------------------------------------+-------------------+--------------+-------------+--------------+---------+-----------+------+--------------+------------------------------------------------------------------------------------+--------------+
; Compilation Hierarchy Node            ; LC Combinationals ; LC Registers ; Memory Bits ; DSP Elements ; DSP 9x9 ; DSP 18x18 ; Pins ; Virtual Pins ; Full Hierarchy Name                                                                ; Library Name ;
+---------------------------------------+-------------------+--------------+-------------+--------------+---------+-----------+------+--------------+------------------------------------------------------------------------------------+--------------+
; |PC                                   ; 32 (0)            ; 0 (0)        ; 0           ; 0            ; 0       ; 0         ; 20   ; 0            ; |PC                                                                                ; work         ;
;    |OneBitRegister:\GEN_PC:0:REG_BIT| ; 4 (0)             ; 0 (0)        ; 0           ; 0            ; 0       ; 0         ; 0    ; 0            ; |PC|OneBitRegister:\GEN_PC:0:REG_BIT                                               ; work         ;
;       |dflipflop:DFF_INST|            ; 4 (0)             ; 0 (0)        ; 0           ; 0            ; 0       ; 0         ; 0    ; 0            ; |PC|OneBitRegister:\GEN_PC:0:REG_BIT|dflipflop:DFF_INST                            ; work         ;
;          |enabledSRLatch:masterLatch| ; 2 (2)             ; 0 (0)        ; 0           ; 0            ; 0       ; 0         ; 0    ; 0            ; |PC|OneBitRegister:\GEN_PC:0:REG_BIT|dflipflop:DFF_INST|enabledSRLatch:masterLatch ; work         ;
;          |enabledSRLatch:slaveLatch|  ; 2 (2)             ; 0 (0)        ; 0           ; 0            ; 0       ; 0         ; 0    ; 0            ; |PC|OneBitRegister:\GEN_PC:0:REG_BIT|dflipflop:DFF_INST|enabledSRLatch:slaveLatch  ; work         ;
;    |OneBitRegister:\GEN_PC:1:REG_BIT| ; 4 (0)             ; 0 (0)        ; 0           ; 0            ; 0       ; 0         ; 0    ; 0            ; |PC|OneBitRegister:\GEN_PC:1:REG_BIT                                               ; work         ;
;       |dflipflop:DFF_INST|            ; 4 (0)             ; 0 (0)        ; 0           ; 0            ; 0       ; 0         ; 0    ; 0            ; |PC|OneBitRegister:\GEN_PC:1:REG_BIT|dflipflop:DFF_INST                            ; work         ;
;          |enabledSRLatch:masterLatch| ; 2 (2)             ; 0 (0)        ; 0           ; 0            ; 0       ; 0         ; 0    ; 0            ; |PC|OneBitRegister:\GEN_PC:1:REG_BIT|dflipflop:DFF_INST|enabledSRLatch:masterLatch ; work         ;
;          |enabledSRLatch:slaveLatch|  ; 2 (2)             ; 0 (0)        ; 0           ; 0            ; 0       ; 0         ; 0    ; 0            ; |PC|OneBitRegister:\GEN_PC:1:REG_BIT|dflipflop:DFF_INST|enabledSRLatch:slaveLatch  ; work         ;
;    |OneBitRegister:\GEN_PC:2:REG_BIT| ; 4 (0)             ; 0 (0)        ; 0           ; 0            ; 0       ; 0         ; 0    ; 0            ; |PC|OneBitRegister:\GEN_PC:2:REG_BIT                                               ; work         ;
;       |dflipflop:DFF_INST|            ; 4 (0)             ; 0 (0)        ; 0           ; 0            ; 0       ; 0         ; 0    ; 0            ; |PC|OneBitRegister:\GEN_PC:2:REG_BIT|dflipflop:DFF_INST                            ; work         ;
;          |enabledSRLatch:masterLatch| ; 2 (2)             ; 0 (0)        ; 0           ; 0            ; 0       ; 0         ; 0    ; 0            ; |PC|OneBitRegister:\GEN_PC:2:REG_BIT|dflipflop:DFF_INST|enabledSRLatch:masterLatch ; work         ;
;          |enabledSRLatch:slaveLatch|  ; 2 (2)             ; 0 (0)        ; 0           ; 0            ; 0       ; 0         ; 0    ; 0            ; |PC|OneBitRegister:\GEN_PC:2:REG_BIT|dflipflop:DFF_INST|enabledSRLatch:slaveLatch  ; work         ;
;    |OneBitRegister:\GEN_PC:3:REG_BIT| ; 4 (0)             ; 0 (0)        ; 0           ; 0            ; 0       ; 0         ; 0    ; 0            ; |PC|OneBitRegister:\GEN_PC:3:REG_BIT                                               ; work         ;
;       |dflipflop:DFF_INST|            ; 4 (0)             ; 0 (0)        ; 0           ; 0            ; 0       ; 0         ; 0    ; 0            ; |PC|OneBitRegister:\GEN_PC:3:REG_BIT|dflipflop:DFF_INST                            ; work         ;
;          |enabledSRLatch:masterLatch| ; 2 (2)             ; 0 (0)        ; 0           ; 0            ; 0       ; 0         ; 0    ; 0            ; |PC|OneBitRegister:\GEN_PC:3:REG_BIT|dflipflop:DFF_INST|enabledSRLatch:masterLatch ; work         ;
;          |enabledSRLatch:slaveLatch|  ; 2 (2)             ; 0 (0)        ; 0           ; 0            ; 0       ; 0         ; 0    ; 0            ; |PC|OneBitRegister:\GEN_PC:3:REG_BIT|dflipflop:DFF_INST|enabledSRLatch:slaveLatch  ; work         ;
;    |OneBitRegister:\GEN_PC:4:REG_BIT| ; 4 (0)             ; 0 (0)        ; 0           ; 0            ; 0       ; 0         ; 0    ; 0            ; |PC|OneBitRegister:\GEN_PC:4:REG_BIT                                               ; work         ;
;       |dflipflop:DFF_INST|            ; 4 (0)             ; 0 (0)        ; 0           ; 0            ; 0       ; 0         ; 0    ; 0            ; |PC|OneBitRegister:\GEN_PC:4:REG_BIT|dflipflop:DFF_INST                            ; work         ;
;          |enabledSRLatch:masterLatch| ; 2 (2)             ; 0 (0)        ; 0           ; 0            ; 0       ; 0         ; 0    ; 0            ; |PC|OneBitRegister:\GEN_PC:4:REG_BIT|dflipflop:DFF_INST|enabledSRLatch:masterLatch ; work         ;
;          |enabledSRLatch:slaveLatch|  ; 2 (2)             ; 0 (0)        ; 0           ; 0            ; 0       ; 0         ; 0    ; 0            ; |PC|OneBitRegister:\GEN_PC:4:REG_BIT|dflipflop:DFF_INST|enabledSRLatch:slaveLatch  ; work         ;
;    |OneBitRegister:\GEN_PC:5:REG_BIT| ; 4 (0)             ; 0 (0)        ; 0           ; 0            ; 0       ; 0         ; 0    ; 0            ; |PC|OneBitRegister:\GEN_PC:5:REG_BIT                                               ; work         ;
;       |dflipflop:DFF_INST|            ; 4 (0)             ; 0 (0)        ; 0           ; 0            ; 0       ; 0         ; 0    ; 0            ; |PC|OneBitRegister:\GEN_PC:5:REG_BIT|dflipflop:DFF_INST                            ; work         ;
;          |enabledSRLatch:masterLatch| ; 2 (2)             ; 0 (0)        ; 0           ; 0            ; 0       ; 0         ; 0    ; 0            ; |PC|OneBitRegister:\GEN_PC:5:REG_BIT|dflipflop:DFF_INST|enabledSRLatch:masterLatch ; work         ;
;          |enabledSRLatch:slaveLatch|  ; 2 (2)             ; 0 (0)        ; 0           ; 0            ; 0       ; 0         ; 0    ; 0            ; |PC|OneBitRegister:\GEN_PC:5:REG_BIT|dflipflop:DFF_INST|enabledSRLatch:slaveLatch  ; work         ;
;    |OneBitRegister:\GEN_PC:6:REG_BIT| ; 4 (0)             ; 0 (0)        ; 0           ; 0            ; 0       ; 0         ; 0    ; 0            ; |PC|OneBitRegister:\GEN_PC:6:REG_BIT                                               ; work         ;
;       |dflipflop:DFF_INST|            ; 4 (0)             ; 0 (0)        ; 0           ; 0            ; 0       ; 0         ; 0    ; 0            ; |PC|OneBitRegister:\GEN_PC:6:REG_BIT|dflipflop:DFF_INST                            ; work         ;
;          |enabledSRLatch:masterLatch| ; 2 (2)             ; 0 (0)        ; 0           ; 0            ; 0       ; 0         ; 0    ; 0            ; |PC|OneBitRegister:\GEN_PC:6:REG_BIT|dflipflop:DFF_INST|enabledSRLatch:masterLatch ; work         ;
;          |enabledSRLatch:slaveLatch|  ; 2 (2)             ; 0 (0)        ; 0           ; 0            ; 0       ; 0         ; 0    ; 0            ; |PC|OneBitRegister:\GEN_PC:6:REG_BIT|dflipflop:DFF_INST|enabledSRLatch:slaveLatch  ; work         ;
;    |OneBitRegister:\GEN_PC:7:REG_BIT| ; 4 (0)             ; 0 (0)        ; 0           ; 0            ; 0       ; 0         ; 0    ; 0            ; |PC|OneBitRegister:\GEN_PC:7:REG_BIT                                               ; work         ;
;       |dflipflop:DFF_INST|            ; 4 (0)             ; 0 (0)        ; 0           ; 0            ; 0       ; 0         ; 0    ; 0            ; |PC|OneBitRegister:\GEN_PC:7:REG_BIT|dflipflop:DFF_INST                            ; work         ;
;          |enabledSRLatch:masterLatch| ; 2 (2)             ; 0 (0)        ; 0           ; 0            ; 0       ; 0         ; 0    ; 0            ; |PC|OneBitRegister:\GEN_PC:7:REG_BIT|dflipflop:DFF_INST|enabledSRLatch:masterLatch ; work         ;
;          |enabledSRLatch:slaveLatch|  ; 2 (2)             ; 0 (0)        ; 0           ; 0            ; 0       ; 0         ; 0    ; 0            ; |PC|OneBitRegister:\GEN_PC:7:REG_BIT|dflipflop:DFF_INST|enabledSRLatch:slaveLatch  ; work         ;
+---------------------------------------+-------------------+--------------+-------------+--------------+---------+-----------+------+--------------+------------------------------------------------------------------------------------+--------------+
Note: For table entries with two numbers listed, the numbers in parentheses indicate the number of resources of the given type used by the specific entity alone. The numbers listed outside of parentheses indicate the total resources of the given type used by the specific entity and all of its sub-entities in the hierarchy.


+-------------------------------------------------------------------------------------------+
; Logic Cells Representing Combinational Loops                                              ;
+--------------------------------------------------------------------------------------+----+
; Logic Cell Name                                                                      ;    ;
+--------------------------------------------------------------------------------------+----+
; OneBitRegister:\GEN_PC:0:REG_BIT|dflipflop:DFF_INST|enabledSRLatch:slaveLatch|o_q~0  ;    ;
; OneBitRegister:\GEN_PC:1:REG_BIT|dflipflop:DFF_INST|enabledSRLatch:slaveLatch|o_q~0  ;    ;
; OneBitRegister:\GEN_PC:2:REG_BIT|dflipflop:DFF_INST|enabledSRLatch:slaveLatch|o_q~0  ;    ;
; OneBitRegister:\GEN_PC:3:REG_BIT|dflipflop:DFF_INST|enabledSRLatch:slaveLatch|o_q~0  ;    ;
; OneBitRegister:\GEN_PC:4:REG_BIT|dflipflop:DFF_INST|enabledSRLatch:slaveLatch|o_q~0  ;    ;
; OneBitRegister:\GEN_PC:5:REG_BIT|dflipflop:DFF_INST|enabledSRLatch:slaveLatch|o_q~0  ;    ;
; OneBitRegister:\GEN_PC:6:REG_BIT|dflipflop:DFF_INST|enabledSRLatch:slaveLatch|o_q~0  ;    ;
; OneBitRegister:\GEN_PC:7:REG_BIT|dflipflop:DFF_INST|enabledSRLatch:slaveLatch|o_q~0  ;    ;
; OneBitRegister:\GEN_PC:0:REG_BIT|dflipflop:DFF_INST|enabledSRLatch:masterLatch|o_q~0 ;    ;
; OneBitRegister:\GEN_PC:1:REG_BIT|dflipflop:DFF_INST|enabledSRLatch:masterLatch|o_q~0 ;    ;
; OneBitRegister:\GEN_PC:2:REG_BIT|dflipflop:DFF_INST|enabledSRLatch:masterLatch|o_q~0 ;    ;
; OneBitRegister:\GEN_PC:3:REG_BIT|dflipflop:DFF_INST|enabledSRLatch:masterLatch|o_q~0 ;    ;
; OneBitRegister:\GEN_PC:4:REG_BIT|dflipflop:DFF_INST|enabledSRLatch:masterLatch|o_q~0 ;    ;
; OneBitRegister:\GEN_PC:5:REG_BIT|dflipflop:DFF_INST|enabledSRLatch:masterLatch|o_q~0 ;    ;
; OneBitRegister:\GEN_PC:6:REG_BIT|dflipflop:DFF_INST|enabledSRLatch:masterLatch|o_q~0 ;    ;
; OneBitRegister:\GEN_PC:7:REG_BIT|dflipflop:DFF_INST|enabledSRLatch:masterLatch|o_q~0 ;    ;
; Number of logic cells representing combinational loops                               ; 16 ;
+--------------------------------------------------------------------------------------+----+
Note: All cells listed above may not be present at the end of synthesis due to various synthesis optimizations.


+------------------------------------------------------+
; General Register Statistics                          ;
+----------------------------------------------+-------+
; Statistic                                    ; Value ;
+----------------------------------------------+-------+
; Total registers                              ; 0     ;
; Number of registers using Synchronous Clear  ; 0     ;
; Number of registers using Synchronous Load   ; 0     ;
; Number of registers using Asynchronous Clear ; 0     ;
; Number of registers using Asynchronous Load  ; 0     ;
; Number of registers using Clock Enable       ; 0     ;
; Number of registers using Preset             ; 0     ;
+----------------------------------------------+-------+


+------------------------------------------------------------------------------------------------------------------+
; Port Connectivity Checks: "OneBitRegister:\GEN_PC:7:REG_BIT"                                                     ;
+--------+--------+----------+-------------------------------------------------------------------------------------+
; Port   ; Type   ; Severity ; Details                                                                             ;
+--------+--------+----------+-------------------------------------------------------------------------------------+
; o_qbar ; Output ; Info     ; Connected to dangling logic. Logic that only feeds a dangling port will be removed. ;
+--------+--------+----------+-------------------------------------------------------------------------------------+


+------------------------------------------------------------------------------------------------------------------+
; Port Connectivity Checks: "OneBitRegister:\GEN_PC:6:REG_BIT"                                                     ;
+--------+--------+----------+-------------------------------------------------------------------------------------+
; Port   ; Type   ; Severity ; Details                                                                             ;
+--------+--------+----------+-------------------------------------------------------------------------------------+
; o_qbar ; Output ; Info     ; Connected to dangling logic. Logic that only feeds a dangling port will be removed. ;
+--------+--------+----------+-------------------------------------------------------------------------------------+


+------------------------------------------------------------------------------------------------------------------+
; Port Connectivity Checks: "OneBitRegister:\GEN_PC:5:REG_BIT"                                                     ;
+--------+--------+----------+-------------------------------------------------------------------------------------+
; Port   ; Type   ; Severity ; Details                                                                             ;
+--------+--------+----------+-------------------------------------------------------------------------------------+
; o_qbar ; Output ; Info     ; Connected to dangling logic. Logic that only feeds a dangling port will be removed. ;
+--------+--------+----------+-------------------------------------------------------------------------------------+


+------------------------------------------------------------------------------------------------------------------+
; Port Connectivity Checks: "OneBitRegister:\GEN_PC:4:REG_BIT"                                                     ;
+--------+--------+----------+-------------------------------------------------------------------------------------+
; Port   ; Type   ; Severity ; Details                                                                             ;
+--------+--------+----------+-------------------------------------------------------------------------------------+
; o_qbar ; Output ; Info     ; Connected to dangling logic. Logic that only feeds a dangling port will be removed. ;
+--------+--------+----------+-------------------------------------------------------------------------------------+


+------------------------------------------------------------------------------------------------------------------+
; Port Connectivity Checks: "OneBitRegister:\GEN_PC:3:REG_BIT"                                                     ;
+--------+--------+----------+-------------------------------------------------------------------------------------+
; Port   ; Type   ; Severity ; Details                                                                             ;
+--------+--------+----------+-------------------------------------------------------------------------------------+
; o_qbar ; Output ; Info     ; Connected to dangling logic. Logic that only feeds a dangling port will be removed. ;
+--------+--------+----------+-------------------------------------------------------------------------------------+


+------------------------------------------------------------------------------------------------------------------+
; Port Connectivity Checks: "OneBitRegister:\GEN_PC:2:REG_BIT"                                                     ;
+--------+--------+----------+-------------------------------------------------------------------------------------+
; Port   ; Type   ; Severity ; Details                                                                             ;
+--------+--------+----------+-------------------------------------------------------------------------------------+
; o_qbar ; Output ; Info     ; Connected to dangling logic. Logic that only feeds a dangling port will be removed. ;
+--------+--------+----------+-------------------------------------------------------------------------------------+


+------------------------------------------------------------------------------------------------------------------+
; Port Connectivity Checks: "OneBitRegister:\GEN_PC:1:REG_BIT"                                                     ;
+--------+--------+----------+-------------------------------------------------------------------------------------+
; Port   ; Type   ; Severity ; Details                                                                             ;
+--------+--------+----------+-------------------------------------------------------------------------------------+
; o_qbar ; Output ; Info     ; Connected to dangling logic. Logic that only feeds a dangling port will be removed. ;
+--------+--------+----------+-------------------------------------------------------------------------------------+


+------------------------------------------------------------------------------------------------------------------+
; Port Connectivity Checks: "OneBitRegister:\GEN_PC:0:REG_BIT"                                                     ;
+--------+--------+----------+-------------------------------------------------------------------------------------+
; Port   ; Type   ; Severity ; Details                                                                             ;
+--------+--------+----------+-------------------------------------------------------------------------------------+
; o_qbar ; Output ; Info     ; Connected to dangling logic. Logic that only feeds a dangling port will be removed. ;
+--------+--------+----------+-------------------------------------------------------------------------------------+


+-------------------------------+
; Elapsed Time Per Partition    ;
+----------------+--------------+
; Partition Name ; Elapsed Time ;
+----------------+--------------+
; Top            ; 00:00:00     ;
+----------------+--------------+


+-------------------------------+
; Analysis & Synthesis Messages ;
+-------------------------------+
Info: *******************************************************************
Info: Running Quartus II 64-Bit Analysis & Synthesis
    Info: Version 13.0.1 Build 232 06/12/2013 Service Pack 1 SJ Web Edition
    Info: Processing started: Fri Apr 04 21:18:08 2025
Info: Command: quartus_map --read_settings_files=on --write_settings_files=off LAB3 -c LAB3
Warning (20028): Parallel compilation is not licensed and has been disabled
Info (12021): Found 2 design units, including 1 entities, in source file pc.vhd
    Info (12022): Found design unit 1: PC-structural
    Info (12023): Found entity 1: PC
Info (12021): Found 2 design units, including 1 entities, in source file enabledsrlatch.vhd
    Info (12022): Found design unit 1: enabledSRLatch-rtl
    Info (12023): Found entity 1: enabledSRLatch
Info (12021): Found 2 design units, including 1 entities, in source file twoonemux.vhd
    Info (12022): Found design unit 1: twoonemux-rtl
    Info (12023): Found entity 1: twoonemux
Info (12021): Found 2 design units, including 1 entities, in source file dflipflop.vhd
    Info (12022): Found design unit 1: dflipflop-rtl
    Info (12023): Found entity 1: dflipflop
Info (12021): Found 2 design units, including 1 entities, in source file onebitregister.vhd
    Info (12022): Found design unit 1: OneBitRegister-structural
    Info (12023): Found entity 1: OneBitRegister
Info (12021): Found 2 design units, including 1 entities, in source file instruction_memory.vhd
    Info (12022): Found design unit 1: instruction_memory-rtl
    Info (12023): Found entity 1: instruction_memory
Info (12021): Found 2 design units, including 1 entities, in source file data_memory.vhd
    Info (12022): Found design unit 1: data_memory-rtl
    Info (12023): Found entity 1: data_memory
Info (12021): Found 2 design units, including 1 entities, in source file central_registerfile.vhd
    Info (12022): Found design unit 1: Central_RegisterFile-behavioral
    Info (12023): Found entity 1: Central_RegisterFile
Info (12021): Found 2 design units, including 1 entities, in source file controlunit.vhd
    Info (12022): Found design unit 1: ControlUnit-Behavioral
    Info (12023): Found entity 1: ControlUnit
Info (12021): Found 2 design units, including 1 entities, in source file fulladder.vhd
    Info (12022): Found design unit 1: fullAdder-rtl
    Info (12023): Found entity 1: fullAdder
Info (12021): Found 2 design units, including 1 entities, in source file fulladder8_bit.vhd
    Info (12022): Found design unit 1: fullAdder8_bit-rtl
    Info (12023): Found entity 1: fullAdder8_bit
Info (12021): Found 2 design units, including 1 entities, in source file mux2_1bit.vhd
    Info (12022): Found design unit 1: MUX2_1bit-rtl
    Info (12023): Found entity 1: MUX2_1bit
Info (12021): Found 2 design units, including 1 entities, in source file mux2_8bit.vhd
    Info (12022): Found design unit 1: MUX2_8bit-rtl
    Info (12023): Found entity 1: MUX2_8bit
Info (12021): Found 2 design units, including 1 entities, in source file alu.vhd
    Info (12022): Found design unit 1: ALU-behavioral
    Info (12023): Found entity 1: ALU
Info (12021): Found 2 design units, including 1 entities, in source file alu_with_shift.vhd
    Info (12022): Found design unit 1: ALU_With_Shift-rtl
    Info (12023): Found entity 1: ALU_With_Shift
Info (12021): Found 2 design units, including 1 entities, in source file mux3_8bit.vhd
    Info (12022): Found design unit 1: MUX3_8bit-rtl
    Info (12023): Found entity 1: MUX3_8bit
Info (12021): Found 2 design units, including 1 entities, in source file xnor_gate.vhd
    Info (12022): Found design unit 1: xnor_gate-rtl
    Info (12023): Found entity 1: xnor_gate
Info (12021): Found 2 design units, including 1 entities, in source file comparator.vhd
    Info (12022): Found design unit 1: Comparator-structural
    Info (12023): Found entity 1: Comparator
Info (12021): Found 2 design units, including 1 entities, in source file and2_gate.vhd
    Info (12022): Found design unit 1: and2_gate-rtl
    Info (12023): Found entity 1: and2_gate
Info (12021): Found 1 design units, including 1 entities, in source file pipeline_processor.bdf
    Info (12023): Found entity 1: pipeline_processor
Info (12021): Found 2 design units, including 1 entities, in source file forwardingunit.vhd
    Info (12022): Found design unit 1: ForwardingUnit-rtl
    Info (12023): Found entity 1: ForwardingUnit
Info (12021): Found 2 design units, including 1 entities, in source file hazarddetectionunit.vhd
    Info (12022): Found design unit 1: HazardDetectionUnit-rtl
    Info (12023): Found entity 1: HazardDetectionUnit
Info (12021): Found 2 design units, including 1 entities, in source file if_id.vhd
    Info (12022): Found design unit 1: IF_ID-structural
    Info (12023): Found entity 1: IF_ID
Info (12021): Found 2 design units, including 1 entities, in source file id_ex.vhd
    Info (12022): Found design unit 1: ID_EX-structural
    Info (12023): Found entity 1: ID_EX
Info (12021): Found 2 design units, including 1 entities, in source file ex_mem.vhd
    Info (12022): Found design unit 1: EX_MEM-structural
    Info (12023): Found entity 1: EX_MEM
Info (12021): Found 2 design units, including 1 entities, in source file mem_wb.vhd
    Info (12022): Found design unit 1: MEM_WB-structural
    Info (12023): Found entity 1: MEM_WB
Info (12021): Found 2 design units, including 1 entities, in source file fulladder8_bit_plus4.vhd
    Info (12022): Found design unit 1: fullAdder8_bit_plus4-rtl
    Info (12023): Found entity 1: fullAdder8_bit_plus4
Info (12021): Found 2 design units, including 1 entities, in source file jumpaddress.vhd
    Info (12022): Found design unit 1: JumpAddress-structural
    Info (12023): Found entity 1: JumpAddress
Info (12021): Found 2 design units, including 1 entities, in source file mux3_8bit_for_pc.vhd
    Info (12022): Found design unit 1: MUX3_8bit_for_PC-rtl
    Info (12023): Found entity 1: MUX3_8bit_for_PC
Info (12021): Found 2 design units, including 1 entities, in source file instructionregister.vhd
    Info (12022): Found design unit 1: InstructionRegister-structural
    Info (12023): Found entity 1: InstructionRegister
Info (12021): Found 2 design units, including 1 entities, in source file mux2_3bit.vhd
    Info (12022): Found design unit 1: MUX2_3bit-rtl
    Info (12023): Found entity 1: MUX2_3bit
Info (12127): Elaborating entity "PC" for the top level hierarchy
Warning (10036): Verilog HDL or VHDL warning at PC.vhd(29): object "dummy_qBar" assigned a value but never read
Info (12128): Elaborating entity "OneBitRegister" for hierarchy "OneBitRegister:\GEN_PC:0:REG_BIT"
Info (12128): Elaborating entity "dflipflop" for hierarchy "OneBitRegister:\GEN_PC:0:REG_BIT|dflipflop:DFF_INST"
Info (12128): Elaborating entity "enabledSRLatch" for hierarchy "OneBitRegister:\GEN_PC:0:REG_BIT|dflipflop:DFF_INST|enabledSRLatch:masterLatch"
Info (12128): Elaborating entity "twoonemux" for hierarchy "OneBitRegister:\GEN_PC:0:REG_BIT|dflipflop:DFF_INST|twoonemux:enableMux"
Info (286030): Timing-Driven Synthesis is running
Info (16010): Generating hard_block partition "hard_block:auto_generated_inst"
    Info (16011): Adding 0 node(s), including 0 DDIO, 0 PLL, 0 transceiver and 0 LCELL
Info (21057): Implemented 52 device resources after synthesis - the final resource count might be different
    Info (21058): Implemented 12 input pins
    Info (21059): Implemented 8 output pins
    Info (21061): Implemented 32 logic cells
Info: Quartus II 64-Bit Analysis & Synthesis was successful. 0 errors, 2 warnings
    Info: Peak virtual memory: 4634 megabytes
    Info: Processing ended: Fri Apr 04 21:18:09 2025
    Info: Elapsed time: 00:00:01
    Info: Total CPU time (on all processors): 00:00:01


